2023-02-06 23:50:35,085 [Worker-5: Loading available Gradle versions] INFO  o.e.b.c.i.u.g.PublishedGradleVersions - Gradle version information cache is up-to-date. Trying to read.
2023-02-06 23:54:40,608 [Worker-24: https://download.oracle.com/otn_software/oepe/library/oracle-adf-12.2.1-doc/p2.index] INFO  o.a.h.c.h.i.c.HttpRequestRetryExec - Recoverable I/O exception (java.net.SocketException) caught when processing request to {s}->https://download.oracle.com:443
2023-02-06 23:54:40,635 [Worker-13: https://download.eclipse.org/jetty/updates/jetty-wtp/1.0.0.201107011148/content.jar] INFO  o.a.h.c.h.i.c.HttpRequestRetryExec - Recoverable I/O exception (java.net.SocketException) caught when processing request to {s}->https://download.eclipse.org:443
2023-02-07 11:13:41,137 [Worker-0: Loading available Gradle versions] INFO  o.e.b.c.i.u.g.PublishedGradleVersions - Gradle version information cache is up-to-date. Trying to read.
2023-02-07 11:17:50,405 [Worker-14: Launching mavenrun-9f6d003e-7a4f-42da-a2c5-fa84355a269a] INFO  o.eclipse.m2e.core.internal.Bundles - getClasspathEntries(Bundle=org.eclipse.m2e.maven.runtime_3.8.604.20221130-2149 [603])
2023-02-07 11:17:50,436 [Worker-14: Launching mavenrun-9f6d003e-7a4f-42da-a2c5-fa84355a269a] INFO  o.eclipse.m2e.core.internal.Bundles - 	Entry: C:\Users\Muhammad Usman Ghias\.p2\pool\plugins\org.eclipse.m2e.maven.runtime_3.8.604.20221130-2149
2023-02-07 11:17:50,437 [Worker-14: Launching mavenrun-9f6d003e-7a4f-42da-a2c5-fa84355a269a] INFO  o.eclipse.m2e.core.internal.Bundles - 	Entry: C:\Users\Muhammad Usman Ghias\.p2\pool\plugins\org.eclipse.m2e.maven.runtime_3.8.604.20221130-2149\jars\aether-connector-okhttp-0.17.8.jar
2023-02-07 11:17:50,462 [Worker-14: Launching mavenrun-9f6d003e-7a4f-42da-a2c5-fa84355a269a] INFO  o.eclipse.m2e.core.internal.Bundles - 	Entry: C:\Users\Muhammad Usman Ghias\.p2\pool\plugins\org.eclipse.m2e.maven.runtime_3.8.604.20221130-2149\jars\commons-cli-1.4.jar
2023-02-07 11:17:50,462 [Worker-14: Launching mavenrun-9f6d003e-7a4f-42da-a2c5-fa84355a269a] INFO  o.eclipse.m2e.core.internal.Bundles - 	Entry: C:\Users\Muhammad Usman Ghias\.p2\pool\plugins\org.eclipse.m2e.maven.runtime_3.8.604.20221130-2149\jars\commons-io-2.6.jar
2023-02-07 11:17:50,462 [Worker-14: Launching mavenrun-9f6d003e-7a4f-42da-a2c5-fa84355a269a] INFO  o.eclipse.m2e.core.internal.Bundles - 	Entry: C:\Users\Muhammad Usman Ghias\.p2\pool\plugins\org.eclipse.m2e.maven.runtime_3.8.604.20221130-2149\jars\commons-lang3-3.8.1.jar
2023-02-07 11:17:50,464 [Worker-14: Launching mavenrun-9f6d003e-7a4f-42da-a2c5-fa84355a269a] INFO  o.eclipse.m2e.core.internal.Bundles - 	Entry: C:\Users\Muhammad Usman Ghias\.p2\pool\plugins\org.eclipse.m2e.maven.runtime_3.8.604.20221130-2149\jars\guice-4.2.2-no_aop.jar
2023-02-07 11:17:50,465 [Worker-14: Launching mavenrun-9f6d003e-7a4f-42da-a2c5-fa84355a269a] INFO  o.eclipse.m2e.core.internal.Bundles - 	Entry: C:\Users\Muhammad Usman Ghias\.p2\pool\plugins\org.eclipse.m2e.maven.runtime_3.8.604.20221130-2149\jars\jansi-2.4.0.jar
2023-02-07 11:17:50,465 [Worker-14: Launching mavenrun-9f6d003e-7a4f-42da-a2c5-fa84355a269a] INFO  o.eclipse.m2e.core.internal.Bundles - 	Entry: C:\Users\Muhammad Usman Ghias\.p2\pool\plugins\org.eclipse.m2e.maven.runtime_3.8.604.20221130-2149\jars\maven-artifact-3.8.6.jar
2023-02-07 11:17:50,466 [Worker-14: Launching mavenrun-9f6d003e-7a4f-42da-a2c5-fa84355a269a] INFO  o.eclipse.m2e.core.internal.Bundles - 	Entry: C:\Users\Muhammad Usman Ghias\.p2\pool\plugins\org.eclipse.m2e.maven.runtime_3.8.604.20221130-2149\jars\maven-builder-support-3.8.6.jar
2023-02-07 11:17:50,467 [Worker-14: Launching mavenrun-9f6d003e-7a4f-42da-a2c5-fa84355a269a] INFO  o.eclipse.m2e.core.internal.Bundles - 	Entry: C:\Users\Muhammad Usman Ghias\.p2\pool\plugins\org.eclipse.m2e.maven.runtime_3.8.604.20221130-2149\jars\maven-compat-3.8.6.jar
2023-02-07 11:17:50,467 [Worker-14: Launching mavenrun-9f6d003e-7a4f-42da-a2c5-fa84355a269a] INFO  o.eclipse.m2e.core.internal.Bundles - 	Entry: C:\Users\Muhammad Usman Ghias\.p2\pool\plugins\org.eclipse.m2e.maven.runtime_3.8.604.20221130-2149\jars\maven-core-3.8.6.jar
2023-02-07 11:17:50,468 [Worker-14: Launching mavenrun-9f6d003e-7a4f-42da-a2c5-fa84355a269a] INFO  o.eclipse.m2e.core.internal.Bundles - 	Entry: C:\Users\Muhammad Usman Ghias\.p2\pool\plugins\org.eclipse.m2e.maven.runtime_3.8.604.20221130-2149\jars\maven-embedder-3.8.6.jar
2023-02-07 11:17:50,468 [Worker-14: Launching mavenrun-9f6d003e-7a4f-42da-a2c5-fa84355a269a] INFO  o.eclipse.m2e.core.internal.Bundles - 	Entry: C:\Users\Muhammad Usman Ghias\.p2\pool\plugins\org.eclipse.m2e.maven.runtime_3.8.604.20221130-2149\jars\maven-model-3.8.6.jar
2023-02-07 11:17:50,469 [Worker-14: Launching mavenrun-9f6d003e-7a4f-42da-a2c5-fa84355a269a] INFO  o.eclipse.m2e.core.internal.Bundles - 	Entry: C:\Users\Muhammad Usman Ghias\.p2\pool\plugins\org.eclipse.m2e.maven.runtime_3.8.604.20221130-2149\jars\maven-model-builder-3.8.6.jar
2023-02-07 11:17:50,469 [Worker-14: Launching mavenrun-9f6d003e-7a4f-42da-a2c5-fa84355a269a] INFO  o.eclipse.m2e.core.internal.Bundles - 	Entry: C:\Users\Muhammad Usman Ghias\.p2\pool\plugins\org.eclipse.m2e.maven.runtime_3.8.604.20221130-2149\jars\maven-plugin-api-3.8.6.jar
2023-02-07 11:17:50,470 [Worker-14: Launching mavenrun-9f6d003e-7a4f-42da-a2c5-fa84355a269a] INFO  o.eclipse.m2e.core.internal.Bundles - 	Entry: C:\Users\Muhammad Usman Ghias\.p2\pool\plugins\org.eclipse.m2e.maven.runtime_3.8.604.20221130-2149\jars\maven-repository-metadata-3.8.6.jar
2023-02-07 11:17:50,470 [Worker-14: Launching mavenrun-9f6d003e-7a4f-42da-a2c5-fa84355a269a] INFO  o.eclipse.m2e.core.internal.Bundles - 	Entry: C:\Users\Muhammad Usman Ghias\.p2\pool\plugins\org.eclipse.m2e.maven.runtime_3.8.604.20221130-2149\jars\maven-resolver-api-1.6.3.jar
2023-02-07 11:17:50,470 [Worker-14: Launching mavenrun-9f6d003e-7a4f-42da-a2c5-fa84355a269a] INFO  o.eclipse.m2e.core.internal.Bundles - 	Entry: C:\Users\Muhammad Usman Ghias\.p2\pool\plugins\org.eclipse.m2e.maven.runtime_3.8.604.20221130-2149\jars\maven-resolver-connector-basic-1.6.3.jar
2023-02-07 11:17:50,471 [Worker-14: Launching mavenrun-9f6d003e-7a4f-42da-a2c5-fa84355a269a] INFO  o.eclipse.m2e.core.internal.Bundles - 	Entry: C:\Users\Muhammad Usman Ghias\.p2\pool\plugins\org.eclipse.m2e.maven.runtime_3.8.604.20221130-2149\jars\maven-resolver-impl-1.6.3.jar
2023-02-07 11:17:50,471 [Worker-14: Launching mavenrun-9f6d003e-7a4f-42da-a2c5-fa84355a269a] INFO  o.eclipse.m2e.core.internal.Bundles - 	Entry: C:\Users\Muhammad Usman Ghias\.p2\pool\plugins\org.eclipse.m2e.maven.runtime_3.8.604.20221130-2149\jars\maven-resolver-provider-3.8.6.jar
2023-02-07 11:17:50,472 [Worker-14: Launching mavenrun-9f6d003e-7a4f-42da-a2c5-fa84355a269a] INFO  o.eclipse.m2e.core.internal.Bundles - 	Entry: C:\Users\Muhammad Usman Ghias\.p2\pool\plugins\org.eclipse.m2e.maven.runtime_3.8.604.20221130-2149\jars\maven-resolver-spi-1.6.3.jar
2023-02-07 11:17:50,473 [Worker-14: Launching mavenrun-9f6d003e-7a4f-42da-a2c5-fa84355a269a] INFO  o.eclipse.m2e.core.internal.Bundles - 	Entry: C:\Users\Muhammad Usman Ghias\.p2\pool\plugins\org.eclipse.m2e.maven.runtime_3.8.604.20221130-2149\jars\maven-resolver-transport-wagon-1.6.3.jar
2023-02-07 11:17:50,474 [Worker-14: Launching mavenrun-9f6d003e-7a4f-42da-a2c5-fa84355a269a] INFO  o.eclipse.m2e.core.internal.Bundles - 	Entry: C:\Users\Muhammad Usman Ghias\.p2\pool\plugins\org.eclipse.m2e.maven.runtime_3.8.604.20221130-2149\jars\maven-resolver-util-1.6.3.jar
2023-02-07 11:17:50,474 [Worker-14: Launching mavenrun-9f6d003e-7a4f-42da-a2c5-fa84355a269a] INFO  o.eclipse.m2e.core.internal.Bundles - 	Entry: C:\Users\Muhammad Usman Ghias\.p2\pool\plugins\org.eclipse.m2e.maven.runtime_3.8.604.20221130-2149\jars\maven-settings-3.8.6.jar
2023-02-07 11:17:50,474 [Worker-14: Launching mavenrun-9f6d003e-7a4f-42da-a2c5-fa84355a269a] INFO  o.eclipse.m2e.core.internal.Bundles - 	Entry: C:\Users\Muhammad Usman Ghias\.p2\pool\plugins\org.eclipse.m2e.maven.runtime_3.8.604.20221130-2149\jars\maven-settings-builder-3.8.6.jar
2023-02-07 11:17:50,474 [Worker-14: Launching mavenrun-9f6d003e-7a4f-42da-a2c5-fa84355a269a] INFO  o.eclipse.m2e.core.internal.Bundles - 	Entry: C:\Users\Muhammad Usman Ghias\.p2\pool\plugins\org.eclipse.m2e.maven.runtime_3.8.604.20221130-2149\jars\maven-shared-utils-3.3.4.jar
2023-02-07 11:17:50,475 [Worker-14: Launching mavenrun-9f6d003e-7a4f-42da-a2c5-fa84355a269a] INFO  o.eclipse.m2e.core.internal.Bundles - 	Entry: C:\Users\Muhammad Usman Ghias\.p2\pool\plugins\org.eclipse.m2e.maven.runtime_3.8.604.20221130-2149\jars\okhttp-3.14.1.jar
2023-02-07 11:17:50,475 [Worker-14: Launching mavenrun-9f6d003e-7a4f-42da-a2c5-fa84355a269a] INFO  o.eclipse.m2e.core.internal.Bundles - 	Entry: C:\Users\Muhammad Usman Ghias\.p2\pool\plugins\org.eclipse.m2e.maven.runtime_3.8.604.20221130-2149\jars\okio-1.17.3.jar
2023-02-07 11:17:50,475 [Worker-14: Launching mavenrun-9f6d003e-7a4f-42da-a2c5-fa84355a269a] INFO  o.eclipse.m2e.core.internal.Bundles - 	Entry: C:\Users\Muhammad Usman Ghias\.p2\pool\plugins\org.eclipse.m2e.maven.runtime_3.8.604.20221130-2149\jars\org.eclipse.sisu.inject-0.3.5.jar
2023-02-07 11:17:50,475 [Worker-14: Launching mavenrun-9f6d003e-7a4f-42da-a2c5-fa84355a269a] INFO  o.eclipse.m2e.core.internal.Bundles - 	Entry: C:\Users\Muhammad Usman Ghias\.p2\pool\plugins\org.eclipse.m2e.maven.runtime_3.8.604.20221130-2149\jars\org.eclipse.sisu.plexus-0.3.5.jar
2023-02-07 11:17:50,476 [Worker-14: Launching mavenrun-9f6d003e-7a4f-42da-a2c5-fa84355a269a] INFO  o.eclipse.m2e.core.internal.Bundles - 	Entry: C:\Users\Muhammad Usman Ghias\.p2\pool\plugins\org.eclipse.m2e.maven.runtime_3.8.604.20221130-2149\jars\plexus-build-api-0.0.7.jar
2023-02-07 11:17:50,476 [Worker-14: Launching mavenrun-9f6d003e-7a4f-42da-a2c5-fa84355a269a] INFO  o.eclipse.m2e.core.internal.Bundles - 	Entry: C:\Users\Muhammad Usman Ghias\.p2\pool\plugins\org.eclipse.m2e.maven.runtime_3.8.604.20221130-2149\jars\plexus-cipher-2.0.jar
2023-02-07 11:17:50,477 [Worker-14: Launching mavenrun-9f6d003e-7a4f-42da-a2c5-fa84355a269a] INFO  o.eclipse.m2e.core.internal.Bundles - 	Entry: C:\Users\Muhammad Usman Ghias\.p2\pool\plugins\org.eclipse.m2e.maven.runtime_3.8.604.20221130-2149\jars\plexus-classworlds-2.6.0.jar
2023-02-07 11:17:50,477 [Worker-14: Launching mavenrun-9f6d003e-7a4f-42da-a2c5-fa84355a269a] INFO  o.eclipse.m2e.core.internal.Bundles - 	Entry: C:\Users\Muhammad Usman Ghias\.p2\pool\plugins\org.eclipse.m2e.maven.runtime_3.8.604.20221130-2149\jars\plexus-component-annotations-2.1.0.jar
2023-02-07 11:17:50,478 [Worker-14: Launching mavenrun-9f6d003e-7a4f-42da-a2c5-fa84355a269a] INFO  o.eclipse.m2e.core.internal.Bundles - 	Entry: C:\Users\Muhammad Usman Ghias\.p2\pool\plugins\org.eclipse.m2e.maven.runtime_3.8.604.20221130-2149\jars\plexus-interpolation-1.26.jar
2023-02-07 11:17:50,478 [Worker-14: Launching mavenrun-9f6d003e-7a4f-42da-a2c5-fa84355a269a] INFO  o.eclipse.m2e.core.internal.Bundles - 	Entry: C:\Users\Muhammad Usman Ghias\.p2\pool\plugins\org.eclipse.m2e.maven.runtime_3.8.604.20221130-2149\jars\plexus-sec-dispatcher-2.0.jar
2023-02-07 11:17:50,478 [Worker-14: Launching mavenrun-9f6d003e-7a4f-42da-a2c5-fa84355a269a] INFO  o.eclipse.m2e.core.internal.Bundles - 	Entry: C:\Users\Muhammad Usman Ghias\.p2\pool\plugins\org.eclipse.m2e.maven.runtime_3.8.604.20221130-2149\jars\plexus-utils-3.3.1.jar
2023-02-07 11:17:50,479 [Worker-14: Launching mavenrun-9f6d003e-7a4f-42da-a2c5-fa84355a269a] INFO  o.eclipse.m2e.core.internal.Bundles - 	Entry: C:\Users\Muhammad Usman Ghias\.p2\pool\plugins\org.eclipse.m2e.maven.runtime_3.8.604.20221130-2149\jars\wagon-file-3.5.1.jar
2023-02-07 11:17:50,479 [Worker-14: Launching mavenrun-9f6d003e-7a4f-42da-a2c5-fa84355a269a] INFO  o.eclipse.m2e.core.internal.Bundles - 	Entry: C:\Users\Muhammad Usman Ghias\.p2\pool\plugins\org.eclipse.m2e.maven.runtime_3.8.604.20221130-2149\jars\wagon-provider-api-3.5.1.jar
2023-02-07 11:17:50,487 [Worker-14: Launching mavenrun-9f6d003e-7a4f-42da-a2c5-fa84355a269a] INFO  o.eclipse.m2e.core.internal.Bundles - getClasspathEntries(Bundle=com.google.guava_30.1.0.v20221112-0806 [10])
2023-02-07 11:17:50,491 [Worker-14: Launching mavenrun-9f6d003e-7a4f-42da-a2c5-fa84355a269a] INFO  o.eclipse.m2e.core.internal.Bundles - 	Entry: C:\Users\Muhammad Usman Ghias\.p2\pool\plugins\com.google.guava_30.1.0.v20221112-0806.jar
2023-02-07 11:17:50,491 [Worker-14: Launching mavenrun-9f6d003e-7a4f-42da-a2c5-fa84355a269a] INFO  o.eclipse.m2e.core.internal.Bundles - getClasspathEntries(Bundle=slf4j.api_1.7.36 [915])
2023-02-07 11:17:50,494 [Worker-14: Launching mavenrun-9f6d003e-7a4f-42da-a2c5-fa84355a269a] INFO  o.eclipse.m2e.core.internal.Bundles - 	Entry: C:\Users\Muhammad Usman Ghias\.p2\pool\plugins\slf4j.api_1.7.36.jar
2023-02-07 11:17:50,494 [Worker-14: Launching mavenrun-9f6d003e-7a4f-42da-a2c5-fa84355a269a] INFO  o.eclipse.m2e.core.internal.Bundles - getClasspathEntries(Bundle=javax.inject_1.0.0.v20220405-0441 [32])
2023-02-07 11:17:50,497 [Worker-14: Launching mavenrun-9f6d003e-7a4f-42da-a2c5-fa84355a269a] INFO  o.eclipse.m2e.core.internal.Bundles - 	Entry: C:\Users\Muhammad Usman Ghias\.p2\pool\plugins\javax.inject_1.0.0.v20220405-0441.jar
2023-02-07 11:17:50,497 [Worker-14: Launching mavenrun-9f6d003e-7a4f-42da-a2c5-fa84355a269a] INFO  o.eclipse.m2e.core.internal.Bundles - getClasspathEntries(Bundle=javax.annotation_1.3.5.v20221112-0806 [30])
2023-02-07 11:17:50,501 [Worker-14: Launching mavenrun-9f6d003e-7a4f-42da-a2c5-fa84355a269a] INFO  o.eclipse.m2e.core.internal.Bundles - 	Entry: C:\Users\Muhammad Usman Ghias\.p2\pool\plugins\javax.annotation_1.3.5.v20221112-0806.jar
2023-02-07 11:17:50,509 [Worker-14: Launching mavenrun-9f6d003e-7a4f-42da-a2c5-fa84355a269a] INFO  o.e.m.i.launch.MavenLaunchDelegate - Run build in "C:\Users\MUHAMM~1\AppData\Local\Temp\m2e-archetypeGenerator11650343291350406078":
2023-02-07 11:17:50,511 [Worker-14: Launching mavenrun-9f6d003e-7a4f-42da-a2c5-fa84355a269a] INFO  o.e.m.i.launch.MavenLaunchDelegate -  mvn  -DarchetypeGroupId=org.apache.maven.archetypes -DarchetypeArtifactId=maven-archetype-webapp -DarchetypeVersion=1.4 -DgroupId=com.ebook -DartifactId=Ebook_App -Dversion=0.0.1-SNAPSHOT -Dpackage=com.ebook -DoutputDirectory="F:\Java Project\Java Project" -Dstyle.color=always -U archetype:generate
2023-02-07 11:18:13,810 [Worker-11: Creating maven-archetype-webapp] INFO  o.e.m.c.i.p.ProjectConfigurationManager - Collecting project info '/pom.xml' F:\Java Project\Java Project\Ebook_App\pom.xml
2023-02-07 11:18:15,710 [Worker-11: Creating maven-archetype-webapp] INFO  o.e.m.c.i.l.LifecycleMappingFactory - Using org.maven.ide.eclipse.wtp.WarLifecycleMapping lifecycle mapping for MavenProject: com.ebook:Ebook_App:0.0.1-SNAPSHOT @ F:\Java Project\Java Project\Ebook_App\pom.xml.
2023-02-07 11:18:18,548 [Worker-11: Creating maven-archetype-webapp] INFO  o.e.m.c.i.e.AbstractTransferListenerAdapter - Downloading https://repo.maven.apache.org/maven2/org/apache/maven/plugins/maven-surefire-plugin/2.22.1/maven-surefire-plugin-2.22.1.pom
2023-02-07 11:18:19,088 [Worker-11: Creating maven-archetype-webapp] INFO  o.e.m.c.i.e.AbstractTransferListenerAdapter - Downloaded https://repo.maven.apache.org/maven2/org/apache/maven/plugins/maven-surefire-plugin/2.22.1/maven-surefire-plugin-2.22.1.pom
2023-02-07 11:18:19,370 [Worker-11: Creating maven-archetype-webapp] INFO  o.e.m.c.i.e.AbstractTransferListenerAdapter - Downloading https://repo.maven.apache.org/maven2/org/apache/maven/surefire/surefire/2.22.1/surefire-2.22.1.pom
2023-02-07 11:18:19,774 [Worker-11: Creating maven-archetype-webapp] INFO  o.e.m.c.i.e.AbstractTransferListenerAdapter - Downloaded https://repo.maven.apache.org/maven2/org/apache/maven/surefire/surefire/2.22.1/surefire-2.22.1.pom
2023-02-07 11:18:20,075 [Worker-11: Creating maven-archetype-webapp] INFO  o.e.m.c.i.e.AbstractTransferListenerAdapter - Downloading https://repo.maven.apache.org/maven2/org/apache/maven/plugins/maven-war-plugin/3.2.2/maven-war-plugin-3.2.2.pom
2023-02-07 11:18:20,377 [Worker-11: Creating maven-archetype-webapp] INFO  o.e.m.c.i.e.AbstractTransferListenerAdapter - Downloaded https://repo.maven.apache.org/maven2/org/apache/maven/plugins/maven-war-plugin/3.2.2/maven-war-plugin-3.2.2.pom
2023-02-07 11:18:20,652 [Worker-11: Creating maven-archetype-webapp] INFO  o.e.m.c.i.e.AbstractTransferListenerAdapter - Downloading https://repo.maven.apache.org/maven2/org/apache/maven/plugins/maven-plugins/31/maven-plugins-31.pom
2023-02-07 11:18:20,965 [Worker-11: Creating maven-archetype-webapp] INFO  o.e.m.c.i.e.AbstractTransferListenerAdapter - Downloaded https://repo.maven.apache.org/maven2/org/apache/maven/plugins/maven-plugins/31/maven-plugins-31.pom
2023-02-07 11:18:21,283 [Worker-11: Creating maven-archetype-webapp] INFO  o.e.m.c.i.e.AbstractTransferListenerAdapter - Downloading https://repo.maven.apache.org/maven2/org/apache/maven/maven-archiver/3.2.0/maven-archiver-3.2.0.pom
2023-02-07 11:18:21,579 [Worker-11: Creating maven-archetype-webapp] INFO  o.e.m.c.i.e.AbstractTransferListenerAdapter - Downloaded https://repo.maven.apache.org/maven2/org/apache/maven/maven-archiver/3.2.0/maven-archiver-3.2.0.pom
2023-02-07 11:18:21,860 [Worker-11: Creating maven-archetype-webapp] INFO  o.e.m.c.i.e.AbstractTransferListenerAdapter - Downloading https://repo.maven.apache.org/maven2/org/apache/maven/shared/maven-shared-utils/3.2.0/maven-shared-utils-3.2.0.pom
2023-02-07 11:18:22,240 [Worker-11: Creating maven-archetype-webapp] INFO  o.e.m.c.i.e.AbstractTransferListenerAdapter - Downloaded https://repo.maven.apache.org/maven2/org/apache/maven/shared/maven-shared-utils/3.2.0/maven-shared-utils-3.2.0.pom
2023-02-07 11:18:22,523 [Worker-11: Creating maven-archetype-webapp] INFO  o.e.m.c.i.e.AbstractTransferListenerAdapter - Downloading https://repo.maven.apache.org/maven2/org/codehaus/plexus/plexus-archiver/3.5/plexus-archiver-3.5.pom
2023-02-07 11:18:22,816 [Worker-11: Creating maven-archetype-webapp] INFO  o.e.m.c.i.e.AbstractTransferListenerAdapter - Downloaded https://repo.maven.apache.org/maven2/org/codehaus/plexus/plexus-archiver/3.5/plexus-archiver-3.5.pom
2023-02-07 11:18:23,095 [Worker-11: Creating maven-archetype-webapp] INFO  o.e.m.c.i.e.AbstractTransferListenerAdapter - Downloading https://repo.maven.apache.org/maven2/org/codehaus/plexus/plexus/5.0/plexus-5.0.pom
2023-02-07 11:18:23,425 [Worker-11: Creating maven-archetype-webapp] INFO  o.e.m.c.i.e.AbstractTransferListenerAdapter - Downloaded https://repo.maven.apache.org/maven2/org/codehaus/plexus/plexus/5.0/plexus-5.0.pom
2023-02-07 11:18:23,735 [Worker-11: Creating maven-archetype-webapp] INFO  o.e.m.c.i.e.AbstractTransferListenerAdapter - Downloading https://repo.maven.apache.org/maven2/org/codehaus/plexus/plexus-io/3.0.0/plexus-io-3.0.0.pom
2023-02-07 11:18:24,023 [Worker-11: Creating maven-archetype-webapp] INFO  o.e.m.c.i.e.AbstractTransferListenerAdapter - Downloaded https://repo.maven.apache.org/maven2/org/codehaus/plexus/plexus-io/3.0.0/plexus-io-3.0.0.pom
2023-02-07 11:18:24,300 [Worker-11: Creating maven-archetype-webapp] INFO  o.e.m.c.i.e.AbstractTransferListenerAdapter - Downloading https://repo.maven.apache.org/maven2/org/apache/commons/commons-compress/1.14/commons-compress-1.14.pom
2023-02-07 11:18:24,609 [Worker-11: Creating maven-archetype-webapp] INFO  o.e.m.c.i.e.AbstractTransferListenerAdapter - Downloaded https://repo.maven.apache.org/maven2/org/apache/commons/commons-compress/1.14/commons-compress-1.14.pom
2023-02-07 11:18:24,916 [Worker-11: Creating maven-archetype-webapp] INFO  o.e.m.c.i.e.AbstractTransferListenerAdapter - Downloading https://repo.maven.apache.org/maven2/org/tukaani/xz/1.6/xz-1.6.pom
2023-02-07 11:18:25,227 [Worker-11: Creating maven-archetype-webapp] INFO  o.e.m.c.i.e.AbstractTransferListenerAdapter - Downloaded https://repo.maven.apache.org/maven2/org/tukaani/xz/1.6/xz-1.6.pom
2023-02-07 11:18:25,542 [Worker-11: Creating maven-archetype-webapp] INFO  o.e.m.c.i.e.AbstractTransferListenerAdapter - Downloading https://repo.maven.apache.org/maven2/org/codehaus/plexus/plexus-archiver/3.6.0/plexus-archiver-3.6.0.pom
2023-02-07 11:18:25,841 [Worker-11: Creating maven-archetype-webapp] INFO  o.e.m.c.i.e.AbstractTransferListenerAdapter - Downloaded https://repo.maven.apache.org/maven2/org/codehaus/plexus/plexus-archiver/3.6.0/plexus-archiver-3.6.0.pom
2023-02-07 11:18:26,131 [Worker-11: Creating maven-archetype-webapp] INFO  o.e.m.c.i.e.AbstractTransferListenerAdapter - Downloading https://repo.maven.apache.org/maven2/org/codehaus/plexus/plexus-utils/3.1.0/plexus-utils-3.1.0.pom
2023-02-07 11:18:26,425 [Worker-11: Creating maven-archetype-webapp] INFO  o.e.m.c.i.e.AbstractTransferListenerAdapter - Downloaded https://repo.maven.apache.org/maven2/org/codehaus/plexus/plexus-utils/3.1.0/plexus-utils-3.1.0.pom
2023-02-07 11:18:26,704 [Worker-11: Creating maven-archetype-webapp] INFO  o.e.m.c.i.e.AbstractTransferListenerAdapter - Downloading https://repo.maven.apache.org/maven2/org/codehaus/plexus/plexus-io/3.0.1/plexus-io-3.0.1.pom
2023-02-07 11:18:27,002 [Worker-11: Creating maven-archetype-webapp] INFO  o.e.m.c.i.e.AbstractTransferListenerAdapter - Downloaded https://repo.maven.apache.org/maven2/org/codehaus/plexus/plexus-io/3.0.1/plexus-io-3.0.1.pom
2023-02-07 11:18:27,295 [Worker-11: Creating maven-archetype-webapp] INFO  o.e.m.c.i.e.AbstractTransferListenerAdapter - Downloading https://repo.maven.apache.org/maven2/org/apache/commons/commons-compress/1.16.1/commons-compress-1.16.1.pom
2023-02-07 11:18:27,612 [Worker-11: Creating maven-archetype-webapp] INFO  o.e.m.c.i.e.AbstractTransferListenerAdapter - Downloaded https://repo.maven.apache.org/maven2/org/apache/commons/commons-compress/1.16.1/commons-compress-1.16.1.pom
2023-02-07 11:18:27,892 [Worker-11: Creating maven-archetype-webapp] INFO  o.e.m.c.i.e.AbstractTransferListenerAdapter - Downloading https://repo.maven.apache.org/maven2/org/apache/commons/commons-parent/43/commons-parent-43.pom
2023-02-07 11:18:28,470 [Worker-11: Creating maven-archetype-webapp] INFO  o.e.m.c.i.e.AbstractTransferListenerAdapter - Downloaded https://repo.maven.apache.org/maven2/org/apache/commons/commons-parent/43/commons-parent-43.pom
2023-02-07 11:18:28,756 [Worker-11: Creating maven-archetype-webapp] INFO  o.e.m.c.i.e.AbstractTransferListenerAdapter - Downloading https://repo.maven.apache.org/maven2/org/objenesis/objenesis/2.6/objenesis-2.6.pom
2023-02-07 11:18:29,051 [Worker-11: Creating maven-archetype-webapp] INFO  o.e.m.c.i.e.AbstractTransferListenerAdapter - Downloaded https://repo.maven.apache.org/maven2/org/objenesis/objenesis/2.6/objenesis-2.6.pom
2023-02-07 11:18:29,344 [Worker-11: Creating maven-archetype-webapp] INFO  o.e.m.c.i.e.AbstractTransferListenerAdapter - Downloading https://repo.maven.apache.org/maven2/org/objenesis/objenesis-parent/2.6/objenesis-parent-2.6.pom
2023-02-07 11:18:29,633 [Worker-11: Creating maven-archetype-webapp] INFO  o.e.m.c.i.e.AbstractTransferListenerAdapter - Downloaded https://repo.maven.apache.org/maven2/org/objenesis/objenesis-parent/2.6/objenesis-parent-2.6.pom
2023-02-07 11:18:29,919 [Worker-11: Creating maven-archetype-webapp] INFO  o.e.m.c.i.e.AbstractTransferListenerAdapter - Downloading https://repo.maven.apache.org/maven2/com/thoughtworks/xstream/xstream/1.4.10/xstream-1.4.10.pom
2023-02-07 11:18:30,220 [Worker-11: Creating maven-archetype-webapp] INFO  o.e.m.c.i.e.AbstractTransferListenerAdapter - Downloaded https://repo.maven.apache.org/maven2/com/thoughtworks/xstream/xstream/1.4.10/xstream-1.4.10.pom
2023-02-07 11:18:30,770 [Worker-11: Creating maven-archetype-webapp] INFO  o.e.m.c.i.e.AbstractTransferListenerAdapter - Downloading https://repo.maven.apache.org/maven2/com/thoughtworks/xstream/xstream-parent/1.4.10/xstream-parent-1.4.10.pom
2023-02-07 11:18:31,170 [Worker-11: Creating maven-archetype-webapp] INFO  o.e.m.c.i.e.AbstractTransferListenerAdapter - Downloaded https://repo.maven.apache.org/maven2/com/thoughtworks/xstream/xstream-parent/1.4.10/xstream-parent-1.4.10.pom
2023-02-07 11:18:31,460 [Worker-11: Creating maven-archetype-webapp] INFO  o.e.m.c.i.e.AbstractTransferListenerAdapter - Downloading https://repo.maven.apache.org/maven2/xmlpull/xmlpull/1.1.3.1/xmlpull-1.1.3.1.pom
2023-02-07 11:18:31,754 [Worker-11: Creating maven-archetype-webapp] INFO  o.e.m.c.i.e.AbstractTransferListenerAdapter - Downloaded https://repo.maven.apache.org/maven2/xmlpull/xmlpull/1.1.3.1/xmlpull-1.1.3.1.pom
2023-02-07 11:18:32,036 [Worker-11: Creating maven-archetype-webapp] INFO  o.e.m.c.i.e.AbstractTransferListenerAdapter - Downloading https://repo.maven.apache.org/maven2/xpp3/xpp3_min/1.1.4c/xpp3_min-1.1.4c.pom
2023-02-07 11:18:32,351 [Worker-11: Creating maven-archetype-webapp] INFO  o.e.m.c.i.e.AbstractTransferListenerAdapter - Downloaded https://repo.maven.apache.org/maven2/xpp3/xpp3_min/1.1.4c/xpp3_min-1.1.4c.pom
2023-02-07 11:18:32,779 [AetherRepositoryConnector-repo.maven.apache.org-0-2] INFO  o.e.m.c.i.e.AbstractTransferListenerAdapter - Downloading https://repo.maven.apache.org/maven2/org/codehaus/plexus/plexus-archiver/3.6.0/plexus-archiver-3.6.0.jar
2023-02-07 11:18:33,287 [AetherRepositoryConnector-repo.maven.apache.org-0-4] INFO  o.e.m.c.i.e.AbstractTransferListenerAdapter - Downloading https://repo.maven.apache.org/maven2/org/apache/commons/commons-compress/1.16.1/commons-compress-1.16.1.jar
2023-02-07 11:18:33,321 [AetherRepositoryConnector-repo.maven.apache.org-0-3] INFO  o.e.m.c.i.e.AbstractTransferListenerAdapter - Downloading https://repo.maven.apache.org/maven2/org/codehaus/plexus/plexus-io/3.0.1/plexus-io-3.0.1.jar
2023-02-07 11:18:33,322 [AetherRepositoryConnector-repo.maven.apache.org-0-0] INFO  o.e.m.c.i.e.AbstractTransferListenerAdapter - Downloading https://repo.maven.apache.org/maven2/org/apache/maven/maven-archiver/3.2.0/maven-archiver-3.2.0.jar
2023-02-07 11:18:33,322 [AetherRepositoryConnector-repo.maven.apache.org-0-1] INFO  o.e.m.c.i.e.AbstractTransferListenerAdapter - Downloading https://repo.maven.apache.org/maven2/org/apache/maven/shared/maven-shared-utils/3.2.0/maven-shared-utils-3.2.0.jar
2023-02-07 11:18:33,924 [AetherRepositoryConnector-repo.maven.apache.org-0-2] INFO  o.e.m.c.i.e.AbstractTransferListenerAdapter - Downloaded https://repo.maven.apache.org/maven2/org/codehaus/plexus/plexus-archiver/3.6.0/plexus-archiver-3.6.0.jar
2023-02-07 11:18:34,485 [AetherRepositoryConnector-repo.maven.apache.org-0-2] INFO  o.e.m.c.i.e.AbstractTransferListenerAdapter - Downloading https://repo.maven.apache.org/maven2/org/objenesis/objenesis/2.6/objenesis-2.6.jar
2023-02-07 11:18:34,489 [AetherRepositoryConnector-repo.maven.apache.org-0-0] INFO  o.e.m.c.i.e.AbstractTransferListenerAdapter - Downloaded https://repo.maven.apache.org/maven2/org/apache/maven/maven-archiver/3.2.0/maven-archiver-3.2.0.jar
2023-02-07 11:18:34,524 [AetherRepositoryConnector-repo.maven.apache.org-0-3] INFO  o.e.m.c.i.e.AbstractTransferListenerAdapter - Downloaded https://repo.maven.apache.org/maven2/org/codehaus/plexus/plexus-io/3.0.1/plexus-io-3.0.1.jar
2023-02-07 11:18:35,011 [AetherRepositoryConnector-repo.maven.apache.org-0-0] INFO  o.e.m.c.i.e.AbstractTransferListenerAdapter - Downloading https://repo.maven.apache.org/maven2/org/codehaus/plexus/plexus-interpolation/1.25/plexus-interpolation-1.25.jar
2023-02-07 11:18:35,133 [AetherRepositoryConnector-repo.maven.apache.org-0-3] INFO  o.e.m.c.i.e.AbstractTransferListenerAdapter - Downloading https://repo.maven.apache.org/maven2/com/thoughtworks/xstream/xstream/1.4.10/xstream-1.4.10.jar
2023-02-07 11:18:35,451 [AetherRepositoryConnector-repo.maven.apache.org-0-2] INFO  o.e.m.c.i.e.AbstractTransferListenerAdapter - Downloaded https://repo.maven.apache.org/maven2/org/objenesis/objenesis/2.6/objenesis-2.6.jar
2023-02-07 11:18:35,452 [AetherRepositoryConnector-repo.maven.apache.org-0-1] INFO  o.e.m.c.i.e.AbstractTransferListenerAdapter - Downloaded https://repo.maven.apache.org/maven2/org/apache/maven/shared/maven-shared-utils/3.2.0/maven-shared-utils-3.2.0.jar
2023-02-07 11:18:36,054 [AetherRepositoryConnector-repo.maven.apache.org-0-2] INFO  o.e.m.c.i.e.AbstractTransferListenerAdapter - Downloading https://repo.maven.apache.org/maven2/xmlpull/xmlpull/1.1.3.1/xmlpull-1.1.3.1.jar
2023-02-07 11:18:36,054 [AetherRepositoryConnector-repo.maven.apache.org-0-1] INFO  o.e.m.c.i.e.AbstractTransferListenerAdapter - Downloading https://repo.maven.apache.org/maven2/xpp3/xpp3_min/1.1.4c/xpp3_min-1.1.4c.jar
2023-02-07 11:18:36,161 [AetherRepositoryConnector-repo.maven.apache.org-0-0] INFO  o.e.m.c.i.e.AbstractTransferListenerAdapter - Downloaded https://repo.maven.apache.org/maven2/org/codehaus/plexus/plexus-interpolation/1.25/plexus-interpolation-1.25.jar
2023-02-07 11:18:36,712 [AetherRepositoryConnector-repo.maven.apache.org-0-4] INFO  o.e.m.c.i.e.AbstractTransferListenerAdapter - Downloaded https://repo.maven.apache.org/maven2/org/apache/commons/commons-compress/1.16.1/commons-compress-1.16.1.jar
2023-02-07 11:18:36,859 [AetherRepositoryConnector-repo.maven.apache.org-0-0] INFO  o.e.m.c.i.e.AbstractTransferListenerAdapter - Downloading https://repo.maven.apache.org/maven2/org/codehaus/plexus/plexus-utils/3.1.0/plexus-utils-3.1.0.jar
2023-02-07 11:18:36,907 [AetherRepositoryConnector-repo.maven.apache.org-0-2] INFO  o.e.m.c.i.e.AbstractTransferListenerAdapter - Downloaded https://repo.maven.apache.org/maven2/xmlpull/xmlpull/1.1.3.1/xmlpull-1.1.3.1.jar
2023-02-07 11:18:37,052 [AetherRepositoryConnector-repo.maven.apache.org-0-1] INFO  o.e.m.c.i.e.AbstractTransferListenerAdapter - Downloaded https://repo.maven.apache.org/maven2/xpp3/xpp3_min/1.1.4c/xpp3_min-1.1.4c.jar
2023-02-07 11:18:37,596 [AetherRepositoryConnector-repo.maven.apache.org-0-3] INFO  o.e.m.c.i.e.AbstractTransferListenerAdapter - Downloaded https://repo.maven.apache.org/maven2/com/thoughtworks/xstream/xstream/1.4.10/xstream-1.4.10.jar
2023-02-07 11:18:37,868 [AetherRepositoryConnector-repo.maven.apache.org-0-0] INFO  o.e.m.c.i.e.AbstractTransferListenerAdapter - Downloaded https://repo.maven.apache.org/maven2/org/codehaus/plexus/plexus-utils/3.1.0/plexus-utils-3.1.0.jar
2023-02-07 11:18:39,184 [Worker-11: Creating maven-archetype-webapp] INFO  o.e.m.j.i.AbstractJavaProjectConfigurator - Adding source folder /Ebook_App/src/main/java
2023-02-07 11:18:39,185 [Worker-11: Creating maven-archetype-webapp] INFO  o.e.m.j.i.AbstractJavaProjectConfigurator - Adding source folder /Ebook_App/src/test/java
2023-02-07 11:18:45,370 [Worker-11: Creating maven-archetype-webapp] INFO  o.e.m.c.i.e.AbstractTransferListenerAdapter - Downloading https://repo.maven.apache.org/maven2/org/apache/maven/plugins/maven-clean-plugin/3.1.0/maven-clean-plugin-3.1.0.pom
2023-02-07 11:18:46,085 [Worker-11: Creating maven-archetype-webapp] INFO  o.e.m.c.i.e.AbstractTransferListenerAdapter - Downloaded https://repo.maven.apache.org/maven2/org/apache/maven/plugins/maven-clean-plugin/3.1.0/maven-clean-plugin-3.1.0.pom
2023-02-07 11:18:46,569 [Worker-11: Creating maven-archetype-webapp] INFO  o.e.m.c.i.p.ProjectConfigurationManager - Imported and configured 1 project(s) in 32 sec
2023-02-07 11:18:52,444 [Worker-17: Building] INFO  o.e.m.c.i.embedder.EclipseLogger - Using 'UTF-8' encoding to copy filtered resources.
2023-02-07 11:18:52,450 [Worker-17: Building] INFO  o.e.m.c.i.embedder.EclipseLogger - skip non existing resourceDirectory F:\Java Project\Java Project\Ebook_App\src\main\resources
2023-02-07 11:18:52,486 [Worker-17: Building] INFO  o.e.m.c.i.embedder.EclipseLogger - Using 'UTF-8' encoding to copy filtered resources.
2023-02-07 11:18:52,489 [Worker-17: Building] INFO  o.e.m.c.i.embedder.EclipseLogger - skip non existing resourceDirectory F:\Java Project\Java Project\Ebook_App\src\test\resources
2023-02-07 11:20:30,989 [Worker-15: Building] INFO  o.e.m.c.i.embedder.EclipseLogger - Using 'UTF-8' encoding to copy filtered resources.
2023-02-07 11:20:30,998 [Worker-15: Building] INFO  o.e.m.c.i.embedder.EclipseLogger - skip non existing resourceDirectory F:\Java Project\Java Project\Ebook_App\src\main\resources
2023-02-07 11:20:31,008 [Worker-15: Building] INFO  o.e.m.c.i.embedder.EclipseLogger - Using 'UTF-8' encoding to copy filtered resources.
2023-02-07 11:20:31,008 [Worker-15: Building] INFO  o.e.m.c.i.embedder.EclipseLogger - skip non existing resourceDirectory F:\Java Project\Java Project\Ebook_App\src\test\resources
2023-02-07 11:22:46,309 [Worker-21: Building] INFO  o.e.m.c.i.embedder.EclipseLogger - Using 'UTF-8' encoding to copy filtered resources.
2023-02-07 11:22:46,312 [Worker-21: Building] INFO  o.e.m.c.i.embedder.EclipseLogger - skip non existing resourceDirectory F:\Java Project\Java Project\Ebook_App\src\main\resources
2023-02-07 11:22:46,582 [Worker-21: Building] INFO  o.e.m.c.i.embedder.EclipseLogger - Using 'UTF-8' encoding to copy filtered resources.
2023-02-07 11:22:46,583 [Worker-21: Building] INFO  o.e.m.c.i.embedder.EclipseLogger - skip non existing resourceDirectory F:\Java Project\Java Project\Ebook_App\src\test\resources
2023-02-07 11:23:40,134 [Worker-11: Building] INFO  o.e.m.c.i.embedder.EclipseLogger - Using 'UTF-8' encoding to copy filtered resources.
2023-02-07 11:23:40,135 [Worker-11: Building] INFO  o.e.m.c.i.embedder.EclipseLogger - skip non existing resourceDirectory F:\Java Project\Java Project\Ebook_App\src\main\resources
2023-02-07 11:23:40,160 [Worker-11: Building] INFO  o.e.m.c.i.embedder.EclipseLogger - Using 'UTF-8' encoding to copy filtered resources.
2023-02-07 11:23:40,160 [Worker-11: Building] INFO  o.e.m.c.i.embedder.EclipseLogger - skip non existing resourceDirectory F:\Java Project\Java Project\Ebook_App\src\test\resources
2023-02-07 11:26:12,936 [Worker-1: Building] INFO  o.e.m.c.i.embedder.EclipseLogger - Using 'UTF-8' encoding to copy filtered resources.
2023-02-07 11:26:12,947 [Worker-1: Building] INFO  o.e.m.c.i.embedder.EclipseLogger - skip non existing resourceDirectory F:\Java Project\Java Project\Ebook_App\src\main\resources
2023-02-07 11:26:12,962 [Worker-1: Building] INFO  o.e.m.c.i.embedder.EclipseLogger - Using 'UTF-8' encoding to copy filtered resources.
2023-02-07 11:26:12,962 [Worker-1: Building] INFO  o.e.m.c.i.embedder.EclipseLogger - skip non existing resourceDirectory F:\Java Project\Java Project\Ebook_App\src\test\resources
2023-02-07 11:26:36,324 [Worker-18: Building] INFO  o.e.m.c.i.embedder.EclipseLogger - Using 'UTF-8' encoding to copy filtered resources.
2023-02-07 11:26:36,324 [Worker-18: Building] INFO  o.e.m.c.i.embedder.EclipseLogger - skip non existing resourceDirectory F:\Java Project\Java Project\Ebook_App\src\main\resources
2023-02-07 11:26:36,328 [Worker-18: Building] INFO  o.e.m.c.i.embedder.EclipseLogger - Using 'UTF-8' encoding to copy filtered resources.
2023-02-07 11:26:36,328 [Worker-18: Building] INFO  o.e.m.c.i.embedder.EclipseLogger - skip non existing resourceDirectory F:\Java Project\Java Project\Ebook_App\src\test\resources
2023-02-07 11:28:46,461 [Worker-25: Building] INFO  o.e.m.c.i.embedder.EclipseLogger - Using 'UTF-8' encoding to copy filtered resources.
2023-02-07 11:28:46,471 [Worker-25: Building] INFO  o.e.m.c.i.embedder.EclipseLogger - skip non existing resourceDirectory F:\Java Project\Java Project\Ebook_App\src\main\resources
2023-02-07 11:28:46,478 [Worker-25: Building] INFO  o.e.m.c.i.embedder.EclipseLogger - Using 'UTF-8' encoding to copy filtered resources.
2023-02-07 11:28:46,479 [Worker-25: Building] INFO  o.e.m.c.i.embedder.EclipseLogger - skip non existing resourceDirectory F:\Java Project\Java Project\Ebook_App\src\test\resources
2023-02-07 11:28:55,304 [Worker-26: Building] INFO  o.e.m.c.i.embedder.EclipseLogger - Using 'UTF-8' encoding to copy filtered resources.
2023-02-07 11:28:55,304 [Worker-26: Building] INFO  o.e.m.c.i.embedder.EclipseLogger - skip non existing resourceDirectory F:\Java Project\Java Project\Ebook_App\src\main\resources
2023-02-07 11:28:55,309 [Worker-26: Building] INFO  o.e.m.c.i.embedder.EclipseLogger - Using 'UTF-8' encoding to copy filtered resources.
2023-02-07 11:28:55,310 [Worker-26: Building] INFO  o.e.m.c.i.embedder.EclipseLogger - skip non existing resourceDirectory F:\Java Project\Java Project\Ebook_App\src\test\resources
2023-02-07 11:31:36,553 [Worker-27: Building] INFO  o.e.m.c.i.embedder.EclipseLogger - Using 'UTF-8' encoding to copy filtered resources.
2023-02-07 11:31:36,555 [Worker-27: Building] INFO  o.e.m.c.i.embedder.EclipseLogger - skip non existing resourceDirectory F:\Java Project\Java Project\Ebook_App\src\main\resources
2023-02-07 11:31:36,570 [Worker-27: Building] INFO  o.e.m.c.i.embedder.EclipseLogger - Using 'UTF-8' encoding to copy filtered resources.
2023-02-07 11:31:36,570 [Worker-27: Building] INFO  o.e.m.c.i.embedder.EclipseLogger - skip non existing resourceDirectory F:\Java Project\Java Project\Ebook_App\src\test\resources
2023-02-07 11:35:44,168 [Worker-27: Building] INFO  o.e.m.c.i.embedder.EclipseLogger - Using 'UTF-8' encoding to copy filtered resources.
2023-02-07 11:35:44,176 [Worker-27: Building] INFO  o.e.m.c.i.embedder.EclipseLogger - skip non existing resourceDirectory F:\Java Project\Java Project\Ebook_App\src\main\resources
2023-02-07 11:35:44,181 [Worker-27: Building] INFO  o.e.m.c.i.embedder.EclipseLogger - Using 'UTF-8' encoding to copy filtered resources.
2023-02-07 11:35:44,181 [Worker-27: Building] INFO  o.e.m.c.i.embedder.EclipseLogger - skip non existing resourceDirectory F:\Java Project\Java Project\Ebook_App\src\test\resources
2023-02-07 11:36:58,658 [Worker-31: Building] INFO  o.e.m.c.i.embedder.EclipseLogger - Using 'UTF-8' encoding to copy filtered resources.
2023-02-07 11:36:58,659 [Worker-31: Building] INFO  o.e.m.c.i.embedder.EclipseLogger - skip non existing resourceDirectory F:\Java Project\Java Project\Ebook_App\src\main\resources
2023-02-07 11:36:58,662 [Worker-31: Building] INFO  o.e.m.c.i.embedder.EclipseLogger - Using 'UTF-8' encoding to copy filtered resources.
2023-02-07 11:36:58,662 [Worker-31: Building] INFO  o.e.m.c.i.embedder.EclipseLogger - skip non existing resourceDirectory F:\Java Project\Java Project\Ebook_App\src\test\resources
2023-02-07 11:42:04,014 [Worker-26: Building] INFO  o.e.m.c.i.embedder.EclipseLogger - Using 'UTF-8' encoding to copy filtered resources.
2023-02-07 11:42:04,038 [Worker-26: Building] INFO  o.e.m.c.i.embedder.EclipseLogger - skip non existing resourceDirectory F:\Java Project\Java Project\Ebook_App\src\main\resources
2023-02-07 11:42:04,047 [Worker-26: Building] INFO  o.e.m.c.i.embedder.EclipseLogger - Using 'UTF-8' encoding to copy filtered resources.
2023-02-07 11:42:04,048 [Worker-26: Building] INFO  o.e.m.c.i.embedder.EclipseLogger - skip non existing resourceDirectory F:\Java Project\Java Project\Ebook_App\src\test\resources
2023-02-07 11:42:57,085 [Worker-36: Building] INFO  o.e.m.c.i.embedder.EclipseLogger - Using 'UTF-8' encoding to copy filtered resources.
2023-02-07 11:42:57,086 [Worker-36: Building] INFO  o.e.m.c.i.embedder.EclipseLogger - skip non existing resourceDirectory F:\Java Project\Java Project\Ebook_App\src\main\resources
2023-02-07 11:42:57,092 [Worker-36: Building] INFO  o.e.m.c.i.embedder.EclipseLogger - Using 'UTF-8' encoding to copy filtered resources.
2023-02-07 11:42:57,092 [Worker-36: Building] INFO  o.e.m.c.i.embedder.EclipseLogger - skip non existing resourceDirectory F:\Java Project\Java Project\Ebook_App\src\test\resources
2023-02-07 11:44:05,642 [Worker-26: Building] INFO  o.e.m.c.i.embedder.EclipseLogger - Using 'UTF-8' encoding to copy filtered resources.
2023-02-07 11:44:05,642 [Worker-26: Building] INFO  o.e.m.c.i.embedder.EclipseLogger - skip non existing resourceDirectory F:\Java Project\Java Project\Ebook_App\src\main\resources
2023-02-07 11:44:05,646 [Worker-26: Building] INFO  o.e.m.c.i.embedder.EclipseLogger - Using 'UTF-8' encoding to copy filtered resources.
2023-02-07 11:44:05,646 [Worker-26: Building] INFO  o.e.m.c.i.embedder.EclipseLogger - skip non existing resourceDirectory F:\Java Project\Java Project\Ebook_App\src\test\resources
2023-02-07 11:46:25,236 [Worker-38: Building] INFO  o.e.m.c.i.embedder.EclipseLogger - Using 'UTF-8' encoding to copy filtered resources.
2023-02-07 11:46:25,237 [Worker-38: Building] INFO  o.e.m.c.i.embedder.EclipseLogger - skip non existing resourceDirectory F:\Java Project\Java Project\Ebook_App\src\main\resources
2023-02-07 11:46:25,241 [Worker-38: Building] INFO  o.e.m.c.i.embedder.EclipseLogger - Using 'UTF-8' encoding to copy filtered resources.
2023-02-07 11:46:25,241 [Worker-38: Building] INFO  o.e.m.c.i.embedder.EclipseLogger - skip non existing resourceDirectory F:\Java Project\Java Project\Ebook_App\src\test\resources
2023-02-07 12:07:46,760 [Worker-40: Building] INFO  o.e.m.c.i.embedder.EclipseLogger - Using 'UTF-8' encoding to copy filtered resources.
2023-02-07 12:07:46,761 [Worker-40: Building] INFO  o.e.m.c.i.embedder.EclipseLogger - skip non existing resourceDirectory F:\Java Project\Java Project\Ebook_App\src\main\resources
2023-02-07 12:07:46,764 [Worker-40: Building] INFO  o.e.m.c.i.embedder.EclipseLogger - Using 'UTF-8' encoding to copy filtered resources.
2023-02-07 12:07:46,765 [Worker-40: Building] INFO  o.e.m.c.i.embedder.EclipseLogger - skip non existing resourceDirectory F:\Java Project\Java Project\Ebook_App\src\test\resources
2023-02-07 12:09:29,441 [Worker-38: Building] INFO  o.e.m.c.i.embedder.EclipseLogger - Using 'UTF-8' encoding to copy filtered resources.
2023-02-07 12:09:29,441 [Worker-38: Building] INFO  o.e.m.c.i.embedder.EclipseLogger - skip non existing resourceDirectory F:\Java Project\Java Project\Ebook_App\src\main\resources
2023-02-07 12:09:29,444 [Worker-38: Building] INFO  o.e.m.c.i.embedder.EclipseLogger - Using 'UTF-8' encoding to copy filtered resources.
2023-02-07 12:09:29,445 [Worker-38: Building] INFO  o.e.m.c.i.embedder.EclipseLogger - skip non existing resourceDirectory F:\Java Project\Java Project\Ebook_App\src\test\resources
2023-02-07 12:09:52,850 [Worker-38: Building] INFO  o.e.m.c.i.embedder.EclipseLogger - Using 'UTF-8' encoding to copy filtered resources.
2023-02-07 12:09:52,850 [Worker-38: Building] INFO  o.e.m.c.i.embedder.EclipseLogger - skip non existing resourceDirectory F:\Java Project\Java Project\Ebook_App\src\main\resources
2023-02-07 12:09:52,853 [Worker-38: Building] INFO  o.e.m.c.i.embedder.EclipseLogger - Using 'UTF-8' encoding to copy filtered resources.
2023-02-07 12:09:52,853 [Worker-38: Building] INFO  o.e.m.c.i.embedder.EclipseLogger - skip non existing resourceDirectory F:\Java Project\Java Project\Ebook_App\src\test\resources
2023-02-07 12:11:51,857 [Worker-38: Building] INFO  o.e.m.c.i.embedder.EclipseLogger - Using 'UTF-8' encoding to copy filtered resources.
2023-02-07 12:11:51,857 [Worker-38: Building] INFO  o.e.m.c.i.embedder.EclipseLogger - skip non existing resourceDirectory F:\Java Project\Java Project\Ebook_App\src\main\resources
2023-02-07 12:11:51,861 [Worker-38: Building] INFO  o.e.m.c.i.embedder.EclipseLogger - Using 'UTF-8' encoding to copy filtered resources.
2023-02-07 12:11:51,861 [Worker-38: Building] INFO  o.e.m.c.i.embedder.EclipseLogger - skip non existing resourceDirectory F:\Java Project\Java Project\Ebook_App\src\test\resources
2023-02-07 12:18:36,208 [Worker-44: Building] INFO  o.e.m.c.i.embedder.EclipseLogger - Using 'UTF-8' encoding to copy filtered resources.
2023-02-07 12:18:36,208 [Worker-44: Building] INFO  o.e.m.c.i.embedder.EclipseLogger - skip non existing resourceDirectory F:\Java Project\Java Project\Ebook_App\src\main\resources
2023-02-07 12:18:36,211 [Worker-44: Building] INFO  o.e.m.c.i.embedder.EclipseLogger - Using 'UTF-8' encoding to copy filtered resources.
2023-02-07 12:18:36,212 [Worker-44: Building] INFO  o.e.m.c.i.embedder.EclipseLogger - skip non existing resourceDirectory F:\Java Project\Java Project\Ebook_App\src\test\resources
2023-02-07 12:26:46,896 [Worker-83: Building] INFO  o.e.m.c.i.embedder.EclipseLogger - Using 'UTF-8' encoding to copy filtered resources.
2023-02-07 12:26:46,897 [Worker-83: Building] INFO  o.e.m.c.i.embedder.EclipseLogger - skip non existing resourceDirectory F:\Java Project\Java Project\Ebook_App\src\main\resources
2023-02-07 12:26:46,899 [Worker-83: Building] INFO  o.e.m.c.i.embedder.EclipseLogger - Using 'UTF-8' encoding to copy filtered resources.
2023-02-07 12:26:46,900 [Worker-83: Building] INFO  o.e.m.c.i.embedder.EclipseLogger - skip non existing resourceDirectory F:\Java Project\Java Project\Ebook_App\src\test\resources
2023-02-07 12:28:16,490 [Worker-84: Building] INFO  o.e.m.c.i.embedder.EclipseLogger - Using 'UTF-8' encoding to copy filtered resources.
2023-02-07 12:28:16,491 [Worker-84: Building] INFO  o.e.m.c.i.embedder.EclipseLogger - skip non existing resourceDirectory F:\Java Project\Java Project\Ebook_App\src\main\resources
2023-02-07 12:28:16,496 [Worker-84: Building] INFO  o.e.m.c.i.embedder.EclipseLogger - Using 'UTF-8' encoding to copy filtered resources.
2023-02-07 12:28:16,497 [Worker-84: Building] INFO  o.e.m.c.i.embedder.EclipseLogger - skip non existing resourceDirectory F:\Java Project\Java Project\Ebook_App\src\test\resources
2023-02-07 12:32:51,062 [Worker-83: Building] INFO  o.e.m.c.i.embedder.EclipseLogger - Using 'UTF-8' encoding to copy filtered resources.
2023-02-07 12:32:51,063 [Worker-83: Building] INFO  o.e.m.c.i.embedder.EclipseLogger - skip non existing resourceDirectory F:\Java Project\Java Project\Ebook_App\src\main\resources
2023-02-07 12:32:51,067 [Worker-83: Building] INFO  o.e.m.c.i.embedder.EclipseLogger - Using 'UTF-8' encoding to copy filtered resources.
2023-02-07 12:32:51,068 [Worker-83: Building] INFO  o.e.m.c.i.embedder.EclipseLogger - skip non existing resourceDirectory F:\Java Project\Java Project\Ebook_App\src\test\resources
2023-02-07 12:41:28,693 [Worker-90: Building] INFO  o.e.m.c.i.embedder.EclipseLogger - Using 'UTF-8' encoding to copy filtered resources.
2023-02-07 12:41:28,693 [Worker-90: Building] INFO  o.e.m.c.i.embedder.EclipseLogger - skip non existing resourceDirectory F:\Java Project\Java Project\Ebook_App\src\main\resources
2023-02-07 12:41:28,696 [Worker-90: Building] INFO  o.e.m.c.i.embedder.EclipseLogger - Using 'UTF-8' encoding to copy filtered resources.
2023-02-07 12:41:28,696 [Worker-90: Building] INFO  o.e.m.c.i.embedder.EclipseLogger - skip non existing resourceDirectory F:\Java Project\Java Project\Ebook_App\src\test\resources
2023-02-07 12:43:59,108 [Worker-90: Building] INFO  o.e.m.c.i.embedder.EclipseLogger - Using 'UTF-8' encoding to copy filtered resources.
2023-02-07 12:43:59,110 [Worker-90: Building] INFO  o.e.m.c.i.embedder.EclipseLogger - skip non existing resourceDirectory F:\Java Project\Java Project\Ebook_App\src\main\resources
2023-02-07 12:43:59,114 [Worker-90: Building] INFO  o.e.m.c.i.embedder.EclipseLogger - Using 'UTF-8' encoding to copy filtered resources.
2023-02-07 12:43:59,114 [Worker-90: Building] INFO  o.e.m.c.i.embedder.EclipseLogger - skip non existing resourceDirectory F:\Java Project\Java Project\Ebook_App\src\test\resources
2023-02-07 12:44:04,079 [Worker-88: Building] INFO  o.e.m.c.i.embedder.EclipseLogger - Using 'UTF-8' encoding to copy filtered resources.
2023-02-07 12:44:04,079 [Worker-88: Building] INFO  o.e.m.c.i.embedder.EclipseLogger - skip non existing resourceDirectory F:\Java Project\Java Project\Ebook_App\src\main\resources
2023-02-07 12:44:04,082 [Worker-88: Building] INFO  o.e.m.c.i.embedder.EclipseLogger - Using 'UTF-8' encoding to copy filtered resources.
2023-02-07 12:44:04,082 [Worker-88: Building] INFO  o.e.m.c.i.embedder.EclipseLogger - skip non existing resourceDirectory F:\Java Project\Java Project\Ebook_App\src\test\resources
2023-02-07 12:48:29,283 [Worker-95: Building] INFO  o.e.m.c.i.embedder.EclipseLogger - Using 'UTF-8' encoding to copy filtered resources.
2023-02-07 12:48:29,283 [Worker-95: Building] INFO  o.e.m.c.i.embedder.EclipseLogger - skip non existing resourceDirectory F:\Java Project\Java Project\Ebook_App\src\main\resources
2023-02-07 12:48:29,285 [Worker-95: Building] INFO  o.e.m.c.i.embedder.EclipseLogger - Using 'UTF-8' encoding to copy filtered resources.
2023-02-07 12:48:29,286 [Worker-95: Building] INFO  o.e.m.c.i.embedder.EclipseLogger - skip non existing resourceDirectory F:\Java Project\Java Project\Ebook_App\src\test\resources
2023-02-07 12:55:32,338 [Worker-97: Building] INFO  o.e.m.c.i.embedder.EclipseLogger - Using 'UTF-8' encoding to copy filtered resources.
2023-02-07 12:55:32,338 [Worker-97: Building] INFO  o.e.m.c.i.embedder.EclipseLogger - skip non existing resourceDirectory F:\Java Project\Java Project\Ebook_App\src\main\resources
2023-02-07 12:55:32,342 [Worker-97: Building] INFO  o.e.m.c.i.embedder.EclipseLogger - Using 'UTF-8' encoding to copy filtered resources.
2023-02-07 12:55:32,342 [Worker-97: Building] INFO  o.e.m.c.i.embedder.EclipseLogger - skip non existing resourceDirectory F:\Java Project\Java Project\Ebook_App\src\test\resources
2023-02-07 12:57:20,589 [Worker-95: Building] INFO  o.e.m.c.i.embedder.EclipseLogger - Using 'UTF-8' encoding to copy filtered resources.
2023-02-07 12:57:20,589 [Worker-95: Building] INFO  o.e.m.c.i.embedder.EclipseLogger - skip non existing resourceDirectory F:\Java Project\Java Project\Ebook_App\src\main\resources
2023-02-07 12:57:20,591 [Worker-95: Building] INFO  o.e.m.c.i.embedder.EclipseLogger - Using 'UTF-8' encoding to copy filtered resources.
2023-02-07 12:57:20,592 [Worker-95: Building] INFO  o.e.m.c.i.embedder.EclipseLogger - skip non existing resourceDirectory F:\Java Project\Java Project\Ebook_App\src\test\resources
2023-02-07 13:03:06,719 [Worker-95: Building] INFO  o.e.m.c.i.embedder.EclipseLogger - Using 'UTF-8' encoding to copy filtered resources.
2023-02-07 13:03:06,720 [Worker-95: Building] INFO  o.e.m.c.i.embedder.EclipseLogger - skip non existing resourceDirectory F:\Java Project\Java Project\Ebook_App\src\main\resources
2023-02-07 13:03:06,723 [Worker-95: Building] INFO  o.e.m.c.i.embedder.EclipseLogger - Using 'UTF-8' encoding to copy filtered resources.
2023-02-07 13:03:06,723 [Worker-95: Building] INFO  o.e.m.c.i.embedder.EclipseLogger - skip non existing resourceDirectory F:\Java Project\Java Project\Ebook_App\src\test\resources
2023-02-07 13:03:49,040 [Worker-98: Building] INFO  o.e.m.c.i.embedder.EclipseLogger - Using 'UTF-8' encoding to copy filtered resources.
2023-02-07 13:03:49,040 [Worker-98: Building] INFO  o.e.m.c.i.embedder.EclipseLogger - skip non existing resourceDirectory F:\Java Project\Java Project\Ebook_App\src\main\resources
2023-02-07 13:03:49,042 [Worker-98: Building] INFO  o.e.m.c.i.embedder.EclipseLogger - Using 'UTF-8' encoding to copy filtered resources.
2023-02-07 13:03:49,042 [Worker-98: Building] INFO  o.e.m.c.i.embedder.EclipseLogger - skip non existing resourceDirectory F:\Java Project\Java Project\Ebook_App\src\test\resources
2023-02-07 13:04:35,388 [Worker-98: Building] INFO  o.e.m.c.i.embedder.EclipseLogger - Using 'UTF-8' encoding to copy filtered resources.
2023-02-07 13:04:35,388 [Worker-98: Building] INFO  o.e.m.c.i.embedder.EclipseLogger - skip non existing resourceDirectory F:\Java Project\Java Project\Ebook_App\src\main\resources
2023-02-07 13:04:35,391 [Worker-98: Building] INFO  o.e.m.c.i.embedder.EclipseLogger - Using 'UTF-8' encoding to copy filtered resources.
2023-02-07 13:04:35,392 [Worker-98: Building] INFO  o.e.m.c.i.embedder.EclipseLogger - skip non existing resourceDirectory F:\Java Project\Java Project\Ebook_App\src\test\resources
2023-02-07 13:05:33,178 [Worker-95: Building] INFO  o.e.m.c.i.embedder.EclipseLogger - Using 'UTF-8' encoding to copy filtered resources.
2023-02-07 13:05:33,179 [Worker-95: Building] INFO  o.e.m.c.i.embedder.EclipseLogger - skip non existing resourceDirectory F:\Java Project\Java Project\Ebook_App\src\main\resources
2023-02-07 13:05:33,181 [Worker-95: Building] INFO  o.e.m.c.i.embedder.EclipseLogger - Using 'UTF-8' encoding to copy filtered resources.
2023-02-07 13:05:33,182 [Worker-95: Building] INFO  o.e.m.c.i.embedder.EclipseLogger - skip non existing resourceDirectory F:\Java Project\Java Project\Ebook_App\src\test\resources
2023-02-07 13:09:21,253 [Worker-98: Building] INFO  o.e.m.c.i.embedder.EclipseLogger - Using 'UTF-8' encoding to copy filtered resources.
2023-02-07 13:09:21,254 [Worker-98: Building] INFO  o.e.m.c.i.embedder.EclipseLogger - skip non existing resourceDirectory F:\Java Project\Java Project\Ebook_App\src\main\resources
2023-02-07 13:09:21,261 [Worker-98: Building] INFO  o.e.m.c.i.embedder.EclipseLogger - Using 'UTF-8' encoding to copy filtered resources.
2023-02-07 13:09:21,261 [Worker-98: Building] INFO  o.e.m.c.i.embedder.EclipseLogger - skip non existing resourceDirectory F:\Java Project\Java Project\Ebook_App\src\test\resources
2023-02-07 13:17:17,283 [Worker-100: Building] INFO  o.e.m.c.i.embedder.EclipseLogger - Using 'UTF-8' encoding to copy filtered resources.
2023-02-07 13:17:17,283 [Worker-100: Building] INFO  o.e.m.c.i.embedder.EclipseLogger - skip non existing resourceDirectory F:\Java Project\Java Project\Ebook_App\src\main\resources
2023-02-07 13:17:17,286 [Worker-100: Building] INFO  o.e.m.c.i.embedder.EclipseLogger - Using 'UTF-8' encoding to copy filtered resources.
2023-02-07 13:17:17,287 [Worker-100: Building] INFO  o.e.m.c.i.embedder.EclipseLogger - skip non existing resourceDirectory F:\Java Project\Java Project\Ebook_App\src\test\resources
2023-02-07 13:18:03,287 [Worker-103: Building] INFO  o.e.m.c.i.embedder.EclipseLogger - Using 'UTF-8' encoding to copy filtered resources.
2023-02-07 13:18:03,287 [Worker-103: Building] INFO  o.e.m.c.i.embedder.EclipseLogger - skip non existing resourceDirectory F:\Java Project\Java Project\Ebook_App\src\main\resources
2023-02-07 13:18:03,291 [Worker-103: Building] INFO  o.e.m.c.i.embedder.EclipseLogger - Using 'UTF-8' encoding to copy filtered resources.
2023-02-07 13:18:03,292 [Worker-103: Building] INFO  o.e.m.c.i.embedder.EclipseLogger - skip non existing resourceDirectory F:\Java Project\Java Project\Ebook_App\src\test\resources
2023-02-07 13:24:15,951 [Worker-101: Building] INFO  o.e.m.c.i.embedder.EclipseLogger - Using 'UTF-8' encoding to copy filtered resources.
2023-02-07 13:24:15,951 [Worker-101: Building] INFO  o.e.m.c.i.embedder.EclipseLogger - skip non existing resourceDirectory F:\Java Project\Java Project\Ebook_App\src\main\resources
2023-02-07 13:24:15,953 [Worker-101: Building] INFO  o.e.m.c.i.embedder.EclipseLogger - Using 'UTF-8' encoding to copy filtered resources.
2023-02-07 13:24:15,953 [Worker-101: Building] INFO  o.e.m.c.i.embedder.EclipseLogger - skip non existing resourceDirectory F:\Java Project\Java Project\Ebook_App\src\test\resources
2023-02-07 13:28:54,257 [Worker-2: Loading available Gradle versions] INFO  o.e.b.c.i.u.g.PublishedGradleVersions - Gradle version information cache is up-to-date. Trying to read.
2023-02-07 13:29:02,905 [Worker-4: Building] INFO  o.e.m.c.i.embedder.EclipseLogger - Using 'UTF-8' encoding to copy filtered resources.
2023-02-07 13:29:02,908 [Worker-4: Building] INFO  o.e.m.c.i.embedder.EclipseLogger - skip non existing resourceDirectory F:\Java Project\Java Project\Ebook_App\src\main\resources
2023-02-07 13:29:02,914 [Worker-4: Building] INFO  o.e.m.c.i.embedder.EclipseLogger - Using 'UTF-8' encoding to copy filtered resources.
2023-02-07 13:29:02,915 [Worker-4: Building] INFO  o.e.m.c.i.embedder.EclipseLogger - skip non existing resourceDirectory F:\Java Project\Java Project\Ebook_App\src\test\resources
2023-02-07 13:29:37,553 [Worker-3: Building] INFO  o.e.m.c.i.embedder.EclipseLogger - Using 'UTF-8' encoding to copy filtered resources.
2023-02-07 13:29:37,553 [Worker-3: Building] INFO  o.e.m.c.i.embedder.EclipseLogger - skip non existing resourceDirectory F:\Java Project\Java Project\Ebook_App\src\main\resources
2023-02-07 13:29:37,560 [Worker-3: Building] INFO  o.e.m.c.i.embedder.EclipseLogger - Using 'UTF-8' encoding to copy filtered resources.
2023-02-07 13:29:37,560 [Worker-3: Building] INFO  o.e.m.c.i.embedder.EclipseLogger - skip non existing resourceDirectory F:\Java Project\Java Project\Ebook_App\src\test\resources
2023-02-07 13:32:52,087 [Worker-6: Building] INFO  o.e.m.c.i.embedder.EclipseLogger - Using 'UTF-8' encoding to copy filtered resources.
2023-02-07 13:32:52,088 [Worker-6: Building] INFO  o.e.m.c.i.embedder.EclipseLogger - skip non existing resourceDirectory F:\Java Project\Java Project\Ebook_App\src\main\resources
2023-02-07 13:32:52,095 [Worker-6: Building] INFO  o.e.m.c.i.embedder.EclipseLogger - Using 'UTF-8' encoding to copy filtered resources.
2023-02-07 13:32:52,095 [Worker-6: Building] INFO  o.e.m.c.i.embedder.EclipseLogger - skip non existing resourceDirectory F:\Java Project\Java Project\Ebook_App\src\test\resources
2023-02-07 13:36:33,097 [Worker-16: Building] INFO  o.e.m.c.i.embedder.EclipseLogger - Using 'UTF-8' encoding to copy filtered resources.
2023-02-07 13:36:33,097 [Worker-16: Building] INFO  o.e.m.c.i.embedder.EclipseLogger - skip non existing resourceDirectory F:\Java Project\Java Project\Ebook_App\src\main\resources
2023-02-07 13:36:33,101 [Worker-16: Building] INFO  o.e.m.c.i.embedder.EclipseLogger - Using 'UTF-8' encoding to copy filtered resources.
2023-02-07 13:36:33,102 [Worker-16: Building] INFO  o.e.m.c.i.embedder.EclipseLogger - skip non existing resourceDirectory F:\Java Project\Java Project\Ebook_App\src\test\resources
2023-02-07 13:38:16,470 [Worker-20: Building] INFO  o.e.m.c.i.embedder.EclipseLogger - Using 'UTF-8' encoding to copy filtered resources.
2023-02-07 13:38:16,470 [Worker-20: Building] INFO  o.e.m.c.i.embedder.EclipseLogger - skip non existing resourceDirectory F:\Java Project\Java Project\Ebook_App\src\main\resources
2023-02-07 13:38:16,475 [Worker-20: Building] INFO  o.e.m.c.i.embedder.EclipseLogger - Using 'UTF-8' encoding to copy filtered resources.
2023-02-07 13:38:16,475 [Worker-20: Building] INFO  o.e.m.c.i.embedder.EclipseLogger - skip non existing resourceDirectory F:\Java Project\Java Project\Ebook_App\src\test\resources
2023-02-07 13:40:56,473 [Worker-22: Building] INFO  o.e.m.c.i.embedder.EclipseLogger - Using 'UTF-8' encoding to copy filtered resources.
2023-02-07 13:40:56,473 [Worker-22: Building] INFO  o.e.m.c.i.embedder.EclipseLogger - skip non existing resourceDirectory F:\Java Project\Java Project\Ebook_App\src\main\resources
2023-02-07 13:40:56,475 [Worker-22: Building] INFO  o.e.m.c.i.embedder.EclipseLogger - Using 'UTF-8' encoding to copy filtered resources.
2023-02-07 13:40:56,476 [Worker-22: Building] INFO  o.e.m.c.i.embedder.EclipseLogger - skip non existing resourceDirectory F:\Java Project\Java Project\Ebook_App\src\test\resources
2023-02-07 13:43:17,294 [Worker-22: Building] INFO  o.e.m.c.i.embedder.EclipseLogger - Using 'UTF-8' encoding to copy filtered resources.
2023-02-07 13:43:17,295 [Worker-22: Building] INFO  o.e.m.c.i.embedder.EclipseLogger - skip non existing resourceDirectory F:\Java Project\Java Project\Ebook_App\src\main\resources
2023-02-07 13:43:17,298 [Worker-22: Building] INFO  o.e.m.c.i.embedder.EclipseLogger - Using 'UTF-8' encoding to copy filtered resources.
2023-02-07 13:43:17,299 [Worker-22: Building] INFO  o.e.m.c.i.embedder.EclipseLogger - skip non existing resourceDirectory F:\Java Project\Java Project\Ebook_App\src\test\resources
2023-02-07 13:43:47,723 [Worker-18: Building] INFO  o.e.m.c.i.embedder.EclipseLogger - Using 'UTF-8' encoding to copy filtered resources.
2023-02-07 13:43:47,723 [Worker-18: Building] INFO  o.e.m.c.i.embedder.EclipseLogger - skip non existing resourceDirectory F:\Java Project\Java Project\Ebook_App\src\main\resources
2023-02-07 13:43:47,728 [Worker-18: Building] INFO  o.e.m.c.i.embedder.EclipseLogger - Using 'UTF-8' encoding to copy filtered resources.
2023-02-07 13:43:47,729 [Worker-18: Building] INFO  o.e.m.c.i.embedder.EclipseLogger - skip non existing resourceDirectory F:\Java Project\Java Project\Ebook_App\src\test\resources
2023-02-07 13:45:14,037 [Worker-25: Building] INFO  o.e.m.c.i.embedder.EclipseLogger - Using 'UTF-8' encoding to copy filtered resources.
2023-02-07 13:45:14,037 [Worker-25: Building] INFO  o.e.m.c.i.embedder.EclipseLogger - skip non existing resourceDirectory F:\Java Project\Java Project\Ebook_App\src\main\resources
2023-02-07 13:45:14,042 [Worker-25: Building] INFO  o.e.m.c.i.embedder.EclipseLogger - Using 'UTF-8' encoding to copy filtered resources.
2023-02-07 13:45:14,042 [Worker-25: Building] INFO  o.e.m.c.i.embedder.EclipseLogger - skip non existing resourceDirectory F:\Java Project\Java Project\Ebook_App\src\test\resources
2023-02-07 13:47:34,894 [Worker-24: Building] INFO  o.e.m.c.i.embedder.EclipseLogger - Using 'UTF-8' encoding to copy filtered resources.
2023-02-07 13:47:34,895 [Worker-24: Building] INFO  o.e.m.c.i.embedder.EclipseLogger - skip non existing resourceDirectory F:\Java Project\Java Project\Ebook_App\src\main\resources
2023-02-07 13:47:34,897 [Worker-24: Building] INFO  o.e.m.c.i.embedder.EclipseLogger - Using 'UTF-8' encoding to copy filtered resources.
2023-02-07 13:47:34,898 [Worker-24: Building] INFO  o.e.m.c.i.embedder.EclipseLogger - skip non existing resourceDirectory F:\Java Project\Java Project\Ebook_App\src\test\resources
2023-02-07 13:48:51,416 [Worker-26: Building] INFO  o.e.m.c.i.embedder.EclipseLogger - Using 'UTF-8' encoding to copy filtered resources.
2023-02-07 13:48:51,417 [Worker-26: Building] INFO  o.e.m.c.i.embedder.EclipseLogger - skip non existing resourceDirectory F:\Java Project\Java Project\Ebook_App\src\main\resources
2023-02-07 13:48:51,422 [Worker-26: Building] INFO  o.e.m.c.i.embedder.EclipseLogger - Using 'UTF-8' encoding to copy filtered resources.
2023-02-07 13:48:51,423 [Worker-26: Building] INFO  o.e.m.c.i.embedder.EclipseLogger - skip non existing resourceDirectory F:\Java Project\Java Project\Ebook_App\src\test\resources
2023-02-07 13:49:19,904 [Worker-27: Building] INFO  o.e.m.c.i.embedder.EclipseLogger - Using 'UTF-8' encoding to copy filtered resources.
2023-02-07 13:49:19,905 [Worker-27: Building] INFO  o.e.m.c.i.embedder.EclipseLogger - skip non existing resourceDirectory F:\Java Project\Java Project\Ebook_App\src\main\resources
2023-02-07 13:49:19,908 [Worker-27: Building] INFO  o.e.m.c.i.embedder.EclipseLogger - Using 'UTF-8' encoding to copy filtered resources.
2023-02-07 13:49:19,908 [Worker-27: Building] INFO  o.e.m.c.i.embedder.EclipseLogger - skip non existing resourceDirectory F:\Java Project\Java Project\Ebook_App\src\test\resources
2023-02-07 13:49:33,338 [Worker-27: Building] INFO  o.e.m.c.i.embedder.EclipseLogger - Using 'UTF-8' encoding to copy filtered resources.
2023-02-07 13:49:33,338 [Worker-27: Building] INFO  o.e.m.c.i.embedder.EclipseLogger - skip non existing resourceDirectory F:\Java Project\Java Project\Ebook_App\src\main\resources
2023-02-07 13:49:33,341 [Worker-27: Building] INFO  o.e.m.c.i.embedder.EclipseLogger - Using 'UTF-8' encoding to copy filtered resources.
2023-02-07 13:49:33,341 [Worker-27: Building] INFO  o.e.m.c.i.embedder.EclipseLogger - skip non existing resourceDirectory F:\Java Project\Java Project\Ebook_App\src\test\resources
